[2025-06-16 18:54:35 +0530] [35969] [INFO] Starting gunicorn 23.0.0
[2025-06-16 18:54:35 +0530] [35969] [INFO] Listening at: http://0.0.0.0:8000 (35969)
[2025-06-16 18:54:35 +0530] [35969] [INFO] Using worker: sync
[2025-06-16 18:54:35 +0530] [35970] [INFO] Booting worker with pid: 35970
[2025-06-16 18:54:35 +0530] [35971] [INFO] Booting worker with pid: 35971
[2025-06-16 18:54:35 +0530] [35972] [INFO] Booting worker with pid: 35972
[2025-06-16 18:55:25 +0530] [35969] [INFO] Handling signal: int
[2025-06-16 13:25:25 +0000] [35971] [INFO] Worker exiting (pid: 35971)
[2025-06-16 13:25:25 +0000] [35972] [INFO] Worker exiting (pid: 35972)
[2025-06-16 13:25:25 +0000] [35970] [INFO] Worker exiting (pid: 35970)
[2025-06-16 18:55:25 +0530] [35969] [INFO] Shutting down: Master
[2025-06-16 18:55:30 +0530] [36143] [INFO] Starting gunicorn 23.0.0
[2025-06-16 18:55:30 +0530] [36143] [INFO] Listening at: http://0.0.0.0:8000 (36143)
[2025-06-16 18:55:30 +0530] [36143] [INFO] Using worker: sync
[2025-06-16 18:55:30 +0530] [36144] [INFO] Booting worker with pid: 36144
[2025-06-16 18:55:30 +0530] [36145] [INFO] Booting worker with pid: 36145
[2025-06-16 18:55:30 +0530] [36146] [INFO] Booting worker with pid: 36146
[2025-06-16 18:55:36 +0530] [36143] [INFO] Handling signal: int
[2025-06-16 13:25:36 +0000] [36146] [INFO] Worker exiting (pid: 36146)
[2025-06-16 13:25:36 +0000] [36144] [INFO] Worker exiting (pid: 36144)
[2025-06-16 13:25:36 +0000] [36145] [INFO] Worker exiting (pid: 36145)
[2025-06-16 18:55:36 +0530] [36143] [INFO] Shutting down: Master
